Flutter crash report; please file at https://github.com/flutter/flutter/issues.

## command

flutter run --machine --target lib/main.dart -d 9WV4C18705003864 --track-widget-creation --start-paused

## exception

ArgumentError: Invalid argument(s): The source must not be null

```
#0      int.tryParse (dart:core-patch/integers_patch.dart:107:25)
#1      _AdbLogReader._start (package:flutter_tools/src/android/android_device.dart:867:32)
<asynchronous suspension>
#2      _runGuarded (dart:async/stream_controller.dart:807:24)
#3      _BroadcastStreamController._subscribe (dart:async/broadcast_stream_controller.dart:215:7)
#4      _ControllerStream._createSubscription (dart:async/stream_controller.dart:820:19)
#5      _StreamImpl.listen (dart:async/stream_impl.dart:474:9)
#6      FlutterDevice.startEchoingDeviceLog (package:flutter_tools/src/resident_runner.dart:402:38)
#7      FlutterDevice.runHot (package:flutter_tools/src/resident_runner.dart:447:5)
<asynchronous suspension>
#8      HotRunner.run (package:flutter_tools/src/run_hot.dart:266:39)
#9      AppDomain.startApp.<anonymous closure> (package:flutter_tools/src/commands/daemon.dart:479:23)
#10     AppDomain.launch.<anonymous closure> (package:flutter_tools/src/commands/daemon.dart:541:26)
#11     AppContext.run.<anonymous closure> (package:flutter_tools/src/base/context.dart:146:29)
#12     _rootRun (dart:async/zone.dart:1126:13)
#13     _CustomZone.run (dart:async/zone.dart:1023:19)
#14     _runZoned (dart:async/zone.dart:1518:10)
#15     runZoned (dart:async/zone.dart:1465:12)
#16     AppContext.run (package:flutter_tools/src/base/context.dart:145:18)
#17     AppInstance._runInZone (package:flutter_tools/src/commands/daemon.dart:939:20)
#18     AppDomain.launch (package:flutter_tools/src/commands/daemon.dart:539:15)
#19     AppDomain.startApp (package:flutter_tools/src/commands/daemon.dart:473:12)
<asynchronous suspension>
#20     RunCommand.runCommand (package:flutter_tools/src/commands/run.dart:353:38)
#21     FlutterCommand.verifyThenRunCommand (package:flutter_tools/src/runner/flutter_command.dart:615:18)
#22     _asyncThenWrapperHelper.<anonymous closure> (dart:async-patch/async_patch.dart:73:64)
#23     _rootRunUnary (dart:async/zone.dart:1134:38)
#24     _CustomZone.runUnary (dart:async/zone.dart:1031:19)
#25     _FutureListener.handleValue (dart:async/future_impl.dart:139:18)
#26     Future._propagateToListeners.handleValueCallback (dart:async/future_impl.dart:680:45)
#27     Future._propagateToListeners (dart:async/future_impl.dart:709:32)
#28     Future._completeWithValue (dart:async/future_impl.dart:524:5)
#29     _AsyncAwaitCompleter.complete (dart:async-patch/async_patch.dart:32:15)
#30     _completeOnAsyncReturn (dart:async-patch/async_patch.dart:290:13)
#31     RunCommand.usageValues (package:flutter_tools/src/commands/run.dart)
#32     _asyncThenWrapperHelper.<anonymous closure> (dart:async-patch/async_patch.dart:73:64)
#33     _rootRunUnary (dart:async/zone.dart:1134:38)
#34     _CustomZone.runUnary (dart:async/zone.dart:1031:19)
#35     _FutureListener.handleValue (dart:async/future_impl.dart:139:18)
#36     Future._propagateToListeners.handleValueCallback (dart:async/future_impl.dart:680:45)
#37     Future._propagateToListeners (dart:async/future_impl.dart:709:32)
#38     Future._completeWithValue (dart:async/future_impl.dart:524:5)
#39     _AsyncAwaitCompleter.complete (dart:async-patch/async_patch.dart:32:15)
#40     _completeOnAsyncReturn (dart:async-patch/async_patch.dart:290:13)
#41     IosProject.isSwift (package:flutter_tools/src/project.dart)
#42     _asyncThenWrapperHelper.<anonymous closure> (dart:async-patch/async_patch.dart:73:64)
#43     _rootRunUnary (dart:async/zone.dart:1134:38)
#44     _CustomZone.runUnary (dart:async/zone.dart:1031:19)
#45     _FutureListener.handleValue (dart:async/future_impl.dart:139:18)
#46     Future._propagateToListeners.handleValueCallback (dart:async/future_impl.dart:680:45)
#47     Future._propagateToListeners (dart:async/future_impl.dart:709:32)
#48     Future._completeWithValue (dart:async/future_impl.dart:524:5)
#49     _AsyncAwaitCompleter.complete (dart:async-patch/async_patch.dart:32:15)
#50     _completeOnAsyncReturn (dart:async-patch/async_patch.dart:290:13)
#51     IosProject.buildSettings (package:flutter_tools/src/project.dart)
#52     _asyncThenWrapperHelper.<anonymous closure> (dart:async-patch/async_patch.dart:73:64)
#53     _rootRunUnary (dart:async/zone.dart:1134:38)
#54     _CustomZone.runUnary (dart:async/zone.dart:1031:19)
#55     _FutureListener.handleValue (dart:async/future_impl.dart:139:18)
#56     Future._propagateToListeners.handleValueCallback (dart:async/future_impl.dart:680:45)
#57     Future._propagateToListeners (dart:async/future_impl.dart:709:32)
#58     Future._completeWithValue (dart:async/future_impl.dart:524:5)
#59     _AsyncAwaitCompleter.complete (dart:async-patch/async_patch.dart:32:15)
#60     _completeOnAsyncReturn (dart:async-patch/async_patch.dart:290:13)
#61     XcodeProjectInterpreter.getBuildSettings (package:flutter_tools/src/ios/xcodeproj.dart)
#62     _asyncThenWrapperHelper.<anonymous closure> (dart:async-patch/async_patch.dart:73:64)
#63     _rootRunUnary (dart:async/zone.dart:1134:38)
#64     _CustomZone.runUnary (dart:async/zone.dart:1031:19)
#65     _FutureListener.handleValue (dart:async/future_impl.dart:139:18)
#66     Future._propagateToListeners.handleValueCallback (dart:async/future_impl.dart:680:45)
#67     Future._propagateToListeners (dart:async/future_impl.dart:709:32)
#68     Future._completeWithValue (dart:async/future_impl.dart:524:5)
#69     _AsyncAwaitCompleter.complete (dart:async-patch/async_patch.dart:32:15)
#70     _completeOnAsyncReturn (dart:async-patch/async_patch.dart:290:13)
#71     _DefaultProcessUtils.run (package:flutter_tools/src/base/process.dart)
#72     _asyncThenWrapperHelper.<anonymous closure> (dart:async-patch/async_patch.dart:73:64)
#73     _rootRunUnary (dart:async/zone.dart:1134:38)
#74     _CustomZone.runUnary (dart:async/zone.dart:1031:19)
#75     _FutureListener.handleValue (dart:async/future_impl.dart:139:18)
#76     Future._propagateToListeners.handleValueCallback (dart:async/future_impl.dart:680:45)
#77     Future._propagateToListeners (dart:async/future_impl.dart:709:32)
#78     Future._completeWithValue (dart:async/future_impl.dart:524:5)
#79     Future.wait.<anonymous closure> (dart:async/future.dart:400:22)
#80     _rootRunUnary (dart:async/zone.dart:1134:38)
#81     _CustomZone.runUnary (dart:async/zone.dart:1031:19)
#82     _FutureListener.handleValue (dart:async/future_impl.dart:139:18)
#83     Future._propagateToListeners.handleValueCallback (dart:async/future_impl.dart:680:45)
#84     Future._propagateToListeners (dart:async/future_impl.dart:709:32)
#85     Future._complete (dart:async/future_impl.dart:514:7)
#86     _BufferingStreamSubscription.asFuture.<anonymous closure> (dart:async/stream_impl.dart:206:14)
#87     _rootRun (dart:async/zone.dart:1122:38)
#88     _CustomZone.run (dart:async/zone.dart:1023:19)
#89     _CustomZone.runGuarded (dart:async/zone.dart:925:7)
#90     _BufferingStreamSubscription._sendDone.sendDone (dart:async/stream_impl.dart:391:13)
#91     _BufferingStreamSubscription._sendDone (dart:async/stream_impl.dart:401:15)
#92     _BufferingStreamSubscription._close (dart:async/stream_impl.dart:285:7)
#93     _SinkTransformerStreamSubscription._close (dart:async/stream_transformers.dart:98:11)
#94     _EventSinkWrapper.close (dart:async/stream_transformers.dart:25:11)
#95     _StringAdapterSink.close (dart:convert/string_conversion.dart:251:11)
#96     _Utf8ConversionSink.close (dart:convert/string_conversion.dart:302:20)
#97     _ConverterStreamEventSink.close (dart:convert/chunked_conversion.dart:82:18)
#98     _SinkTransformerStreamSubscription._handleDone (dart:async/stream_transformers.dart:143:24)
#99     _rootRun (dart:async/zone.dart:1122:38)
#100    _CustomZone.run (dart:async/zone.dart:1023:19)
#101    _CustomZone.runGuarded (dart:async/zone.dart:925:7)
#102    _BufferingStreamSubscription._sendDone.sendDone (dart:async/stream_impl.dart:391:13)
#103    _BufferingStreamSubscription._sendDone (dart:async/stream_impl.dart:401:15)
#104    _BufferingStreamSubscription._close (dart:async/stream_impl.dart:285:7)
#105    _SyncStreamControllerDispatch._sendDone (dart:async/stream_controller.dart:774:19)
#106    _StreamController._closeUnchecked (dart:async/stream_controller.dart:631:7)
#107    _StreamController.close (dart:async/stream_controller.dart:624:5)
#108    _Socket._onData (dart:io-patch/socket_patch.dart:1838:21)
#109    _rootRunUnary (dart:async/zone.dart:1138:13)
#110    _CustomZone.runUnary (dart:async/zone.dart:1031:19)
#111    _CustomZone.runUnaryGuarded (dart:async/zone.dart:933:7)
#112    _BufferingStreamSubscription._sendData (dart:async/stream_impl.dart:338:11)
#113    _BufferingStreamSubscription._add (dart:async/stream_impl.dart:265:7)
#114    _SyncStreamControllerDispatch._sendData (dart:async/stream_controller.dart:766:19)
#115    _StreamController._add (dart:async/stream_controller.dart:642:7)
#116    _StreamController.add (dart:async/stream_controller.dart:588:5)
#117    new _RawSocket.<anonymous closure> (dart:io-patch/socket_patch.dart:1386:35)
#118    _NativeSocket.issueReadEvent.issue (dart:io-patch/socket_patch.dart:892:18)
#119    _microtaskLoop (dart:async/schedule_microtask.dart:43:21)
#120    _startMicrotaskLoop (dart:async/schedule_microtask.dart:52:5)
#121    _runPendingImmediateCallback (dart:isolate-patch/isolate_patch.dart:118:13)
#122    _RawReceivePortImpl._handleMessage (dart:isolate-patch/isolate_patch.dart:175:5)
```

## flutter doctor

```
[✓] Flutter (Channel stable, v1.12.13+hotfix.8, on Mac OS X 10.15.3 19D76, locale en-CH)
    • Flutter version 1.12.13+hotfix.8 at /Users/kdkdk/Development/flutter
    • Framework revision 0b8abb4724 (2 months ago), 2020-02-11 11:44:36 -0800
    • Engine revision e1e6ced81d
    • Dart version 2.7.0

[✓] Android toolchain - develop for Android devices (Android SDK version 29.0.3)
    • Android SDK at /Users/kdkdk/Library/Android/sdk
    • Android NDK location not configured (optional; useful for native profiling support)
    • Platform android-29, build-tools 29.0.3
    • Java binary at: /Applications/Android Studio.app/Contents/jre/jdk/Contents/Home/bin/java
    • Java version OpenJDK Runtime Environment (build 1.8.0_212-release-1586-b4-5784211)
    • All Android licenses accepted.

[✓] Xcode - develop for iOS and macOS (Xcode 11.4.1)
    • Xcode at /Applications/Xcode.app/Contents/Developer
    • Xcode 11.4.1, Build version 11E503a
    • CocoaPods version 1.9.1

[✓] Android Studio (version 3.6)
    • Android Studio at /Applications/Android Studio.app/Contents
    • Flutter plugin version 45.1.1
    • Dart plugin version 192.7761
    • Java version OpenJDK Runtime Environment (build 1.8.0_212-release-1586-b4-5784211)

[!] IntelliJ IDEA Ultimate Edition (version 2019.2.3)
    • IntelliJ at /Applications/IntelliJ IDEA.app
    ✗ Flutter plugin not installed; this adds Flutter specific functionality.
    ✗ Dart plugin not installed; this adds Dart specific functionality.
    • For information about installing plugins, see
      https://flutter.dev/intellij-setup/#installing-the-plugins

[✓] VS Code (version 1.44.2)
    • VS Code at /Applications/Visual Studio Code.app/Contents
    • Flutter extension version 3.9.1

[✓] Connected device (1 available)
    • 9WV4C18705003864 • 9WV4C18705003864 • android-arm • Android null (API null)

! Doctor found issues in 1 category.
```
